[2013-07-31 22:42:22] request.ERROR: Uncaught PHP Exception Symfony\Component\HttpKernel\Exception\NotFoundHttpException: "No route found for "GET /"" at C:\xampp\htdocs\Symfony\vendor\symfony\symfony\src\Symfony\Component\HttpKernel\EventListener\RouterListener.php line 116 {"exception":"[object] (Symfony\\Component\\HttpKernel\\Exception\\NotFoundHttpException: No route found for \"GET /\" at C:\\xampp\\htdocs\\Symfony\\vendor\\symfony\\symfony\\src\\Symfony\\Component\\HttpKernel\\EventListener\\RouterListener.php:116, Symfony\\Component\\Routing\\Exception\\ResourceNotFoundException:  at C:\\xampp\\htdocs\\Symfony\\app\\cache\\prod\\appProdUrlMatcher.php:30)"} []
[2013-07-31 22:43:51] request.ERROR: Uncaught PHP Exception Symfony\Component\HttpKernel\Exception\NotFoundHttpException: "No route found for "GET /bundles/framework/images/input_bg.gif"" at C:\xampp\htdocs\Symfony\vendor\symfony\symfony\src\Symfony\Component\HttpKernel\EventListener\RouterListener.php line 116 {"exception":"[object] (Symfony\\Component\\HttpKernel\\Exception\\NotFoundHttpException: No route found for \"GET /bundles/framework/images/input_bg.gif\" at C:\\xampp\\htdocs\\Symfony\\vendor\\symfony\\symfony\\src\\Symfony\\Component\\HttpKernel\\EventListener\\RouterListener.php:116, Symfony\\Component\\Routing\\Exception\\ResourceNotFoundException:  at C:\\xampp\\htdocs\\Symfony\\app\\cache\\prod\\appProdUrlMatcher.php:30)"} []
[2013-09-12 18:22:56] event.DEBUG: Notified event "kernel.request" to listener "Symfony\Bundle\FrameworkBundle\EventListener\SessionListener::onKernelRequest". [] []
[2013-09-12 18:22:56] event.DEBUG: Notified event "kernel.request" to listener "Symfony\Component\HttpKernel\EventListener\FragmentListener::onKernelRequest". [] []
[2013-09-12 18:22:56] event.DEBUG: Notified event "kernel.request" to listener "Symfony\Component\HttpKernel\EventListener\RouterListener::onKernelRequest". [] []
[2013-09-12 18:22:56] event.DEBUG: Notified event "kernel.exception" to listener "Symfony\Component\HttpKernel\EventListener\ExceptionListener::onKernelException". [] []
[2013-09-12 18:22:56] request.ERROR: Uncaught PHP Exception Symfony\Component\HttpKernel\Exception\NotFoundHttpException: "No route found for "GET /"" at C:\xampp\htdocs\Blogger\vendor\symfony\symfony\src\Symfony\Component\HttpKernel\EventListener\RouterListener.php line 116 {"exception":"[object] (Symfony\\Component\\HttpKernel\\Exception\\NotFoundHttpException: No route found for \"GET /\" at C:\\xampp\\htdocs\\Blogger\\vendor\\symfony\\symfony\\src\\Symfony\\Component\\HttpKernel\\EventListener\\RouterListener.php:116, Symfony\\Component\\Routing\\Exception\\ResourceNotFoundException:  at C:\\xampp\\htdocs\\Blogger\\app\\cache\\prod\\appProdUrlMatcher.php:33)"} []
[2013-09-12 18:22:56] event.DEBUG: Notified event "kernel.request" to listener "closure". [] []
[2013-09-12 18:22:56] event.DEBUG: Notified event "kernel.request" to listener "Symfony\Bundle\FrameworkBundle\EventListener\SessionListener::onKernelRequest". [] []
[2013-09-12 18:22:56] event.DEBUG: Notified event "kernel.request" to listener "closure". [] []
[2013-09-12 18:22:56] event.DEBUG: Notified event "kernel.request" to listener "Symfony\Component\HttpKernel\EventListener\FragmentListener::onKernelRequest". [] []
[2013-09-12 18:22:56] event.DEBUG: Notified event "kernel.request" to listener "closure". [] []
[2013-09-12 18:22:56] event.DEBUG: Notified event "kernel.request" to listener "Symfony\Component\HttpKernel\EventListener\RouterListener::onKernelRequest". [] []
[2013-09-12 18:22:56] event.DEBUG: Notified event "kernel.request" to listener "closure". [] []
[2013-09-12 18:22:56] event.DEBUG: Notified event "kernel.request" to listener "Symfony\Component\HttpKernel\EventListener\LocaleListener::onKernelRequest". [] []
[2013-09-12 18:22:56] event.DEBUG: Notified event "kernel.request" to listener "closure". [] []
[2013-09-12 18:22:56] event.DEBUG: Notified event "kernel.request" to listener "Symfony\Component\Security\Http\Firewall::onKernelRequest". [] []
[2013-09-12 18:22:56] event.DEBUG: Notified event "kernel.request" to listener "closure". [] []
[2013-09-12 18:22:56] event.DEBUG: Notified event "kernel.request" to listener "Symfony\Component\HttpKernel\EventListener\ErrorsLoggerListener::injectLogger". [] []
[2013-09-12 18:22:56] event.DEBUG: Notified event "kernel.request" to listener "closure". [] []
[2013-09-12 18:22:56] event.DEBUG: Notified event "kernel.request" to listener "Symfony\Component\HttpKernel\EventListener\ErrorsLoggerListener::injectLogger". [] []
[2013-09-12 18:22:56] event.DEBUG: Notified event "kernel.controller" to listener "Sensio\Bundle\FrameworkExtraBundle\EventListener\ControllerListener::onKernelController". [] []
[2013-09-12 18:22:56] event.DEBUG: Notified event "kernel.controller" to listener "Sensio\Bundle\FrameworkExtraBundle\EventListener\ParamConverterListener::onKernelController". [] []
[2013-09-12 18:22:57] event.DEBUG: Notified event "kernel.controller" to listener "Sensio\Bundle\FrameworkExtraBundle\EventListener\TemplateListener::onKernelController". [] []
[2013-09-12 18:22:57] event.DEBUG: Notified event "kernel.response" to listener "Symfony\Component\HttpKernel\EventListener\ResponseListener::onKernelResponse". [] []
[2013-09-12 18:22:57] event.DEBUG: Notified event "kernel.response" to listener "Symfony\Component\Security\Http\RememberMe\ResponseListener::onKernelResponse". [] []
[2013-09-12 18:22:57] event.DEBUG: Notified event "kernel.response" to listener "Sensio\Bundle\FrameworkExtraBundle\EventListener\CacheListener::onKernelResponse". [] []
[2013-09-12 18:22:57] event.DEBUG: Notified event "kernel.response" to listener "Symfony\Component\HttpKernel\EventListener\StreamedResponseListener::onKernelResponse". [] []
[2013-09-12 18:22:57] event.DEBUG: Listener "Symfony\Component\HttpKernel\EventListener\ExceptionListener::onKernelException" stopped propagation of the event "kernel.exception". [] []
[2013-09-12 18:22:57] event.DEBUG: Notified event "kernel.response" to listener "Symfony\Component\HttpKernel\EventListener\ResponseListener::onKernelResponse". [] []
[2013-09-12 18:22:57] event.DEBUG: Notified event "kernel.response" to listener "Symfony\Component\Security\Http\RememberMe\ResponseListener::onKernelResponse". [] []
[2013-09-12 18:22:57] event.DEBUG: Notified event "kernel.response" to listener "Sensio\Bundle\FrameworkExtraBundle\EventListener\CacheListener::onKernelResponse". [] []
[2013-09-12 18:22:57] event.DEBUG: Notified event "kernel.response" to listener "Symfony\Component\HttpKernel\EventListener\StreamedResponseListener::onKernelResponse". [] []
[2013-09-12 18:22:57] event.DEBUG: Notified event "kernel.terminate" to listener "Symfony\Bundle\SwiftmailerBundle\EventListener\EmailSenderListener::onKernelTerminate". [] []
[2013-09-12 18:23:32] event.DEBUG: Notified event "kernel.request" to listener "Symfony\Bundle\FrameworkBundle\EventListener\SessionListener::onKernelRequest". [] []
[2013-09-12 18:23:32] event.DEBUG: Notified event "kernel.request" to listener "Symfony\Component\HttpKernel\EventListener\FragmentListener::onKernelRequest". [] []
[2013-09-12 18:23:32] event.DEBUG: Notified event "kernel.request" to listener "Symfony\Component\HttpKernel\EventListener\RouterListener::onKernelRequest". [] []
[2013-09-12 18:23:32] event.DEBUG: Notified event "kernel.exception" to listener "Symfony\Component\HttpKernel\EventListener\ExceptionListener::onKernelException". [] []
[2013-09-12 18:23:32] request.ERROR: Uncaught PHP Exception Symfony\Component\HttpKernel\Exception\NotFoundHttpException: "No route found for "GET /"" at C:\xampp\htdocs\Blogger\vendor\symfony\symfony\src\Symfony\Component\HttpKernel\EventListener\RouterListener.php line 116 {"exception":"[object] (Symfony\\Component\\HttpKernel\\Exception\\NotFoundHttpException: No route found for \"GET /\" at C:\\xampp\\htdocs\\Blogger\\vendor\\symfony\\symfony\\src\\Symfony\\Component\\HttpKernel\\EventListener\\RouterListener.php:116, Symfony\\Component\\Routing\\Exception\\ResourceNotFoundException:  at C:\\xampp\\htdocs\\Blogger\\app\\cache\\prod\\appProdUrlMatcher.php:33)"} []
[2013-09-12 18:23:32] event.DEBUG: Notified event "kernel.request" to listener "closure". [] []
[2013-09-12 18:23:32] event.DEBUG: Notified event "kernel.request" to listener "Symfony\Bundle\FrameworkBundle\EventListener\SessionListener::onKernelRequest". [] []
[2013-09-12 18:23:32] event.DEBUG: Notified event "kernel.request" to listener "closure". [] []
[2013-09-12 18:23:32] event.DEBUG: Notified event "kernel.request" to listener "Symfony\Component\HttpKernel\EventListener\FragmentListener::onKernelRequest". [] []
[2013-09-12 18:23:32] event.DEBUG: Notified event "kernel.request" to listener "closure". [] []
[2013-09-12 18:23:32] event.DEBUG: Notified event "kernel.request" to listener "Symfony\Component\HttpKernel\EventListener\RouterListener::onKernelRequest". [] []
[2013-09-12 18:23:32] event.DEBUG: Notified event "kernel.request" to listener "closure". [] []
[2013-09-12 18:23:32] event.DEBUG: Notified event "kernel.request" to listener "Symfony\Component\HttpKernel\EventListener\LocaleListener::onKernelRequest". [] []
[2013-09-12 18:23:32] event.DEBUG: Notified event "kernel.request" to listener "closure". [] []
[2013-09-12 18:23:32] event.DEBUG: Notified event "kernel.request" to listener "Symfony\Component\Security\Http\Firewall::onKernelRequest". [] []
[2013-09-12 18:23:32] event.DEBUG: Notified event "kernel.request" to listener "closure". [] []
[2013-09-12 18:23:32] event.DEBUG: Notified event "kernel.request" to listener "Symfony\Component\HttpKernel\EventListener\ErrorsLoggerListener::injectLogger". [] []
[2013-09-12 18:23:32] event.DEBUG: Notified event "kernel.request" to listener "closure". [] []
[2013-09-12 18:23:32] event.DEBUG: Notified event "kernel.request" to listener "Symfony\Component\HttpKernel\EventListener\ErrorsLoggerListener::injectLogger". [] []
[2013-09-12 18:23:32] event.DEBUG: Notified event "kernel.controller" to listener "Sensio\Bundle\FrameworkExtraBundle\EventListener\ControllerListener::onKernelController". [] []
[2013-09-12 18:23:32] event.DEBUG: Notified event "kernel.controller" to listener "Sensio\Bundle\FrameworkExtraBundle\EventListener\ParamConverterListener::onKernelController". [] []
[2013-09-12 18:23:32] event.DEBUG: Notified event "kernel.controller" to listener "Sensio\Bundle\FrameworkExtraBundle\EventListener\TemplateListener::onKernelController". [] []
[2013-09-12 18:23:32] event.DEBUG: Notified event "kernel.response" to listener "Symfony\Component\HttpKernel\EventListener\ResponseListener::onKernelResponse". [] []
[2013-09-12 18:23:32] event.DEBUG: Notified event "kernel.response" to listener "Symfony\Component\Security\Http\RememberMe\ResponseListener::onKernelResponse". [] []
[2013-09-12 18:23:32] event.DEBUG: Notified event "kernel.response" to listener "Sensio\Bundle\FrameworkExtraBundle\EventListener\CacheListener::onKernelResponse". [] []
[2013-09-12 18:23:32] event.DEBUG: Notified event "kernel.response" to listener "Symfony\Component\HttpKernel\EventListener\StreamedResponseListener::onKernelResponse". [] []
[2013-09-12 18:23:32] event.DEBUG: Listener "Symfony\Component\HttpKernel\EventListener\ExceptionListener::onKernelException" stopped propagation of the event "kernel.exception". [] []
[2013-09-12 18:23:32] event.DEBUG: Notified event "kernel.response" to listener "Symfony\Component\HttpKernel\EventListener\ResponseListener::onKernelResponse". [] []
[2013-09-12 18:23:32] event.DEBUG: Notified event "kernel.response" to listener "Symfony\Component\Security\Http\RememberMe\ResponseListener::onKernelResponse". [] []
[2013-09-12 18:23:32] event.DEBUG: Notified event "kernel.response" to listener "Sensio\Bundle\FrameworkExtraBundle\EventListener\CacheListener::onKernelResponse". [] []
[2013-09-12 18:23:32] event.DEBUG: Notified event "kernel.response" to listener "Symfony\Component\HttpKernel\EventListener\StreamedResponseListener::onKernelResponse". [] []
[2013-09-12 18:23:32] event.DEBUG: Notified event "kernel.terminate" to listener "Symfony\Bundle\SwiftmailerBundle\EventListener\EmailSenderListener::onKernelTerminate". [] []
[2013-09-12 18:23:35] event.DEBUG: Notified event "kernel.request" to listener "Symfony\Bundle\FrameworkBundle\EventListener\SessionListener::onKernelRequest". [] []
[2013-09-12 18:23:35] event.DEBUG: Notified event "kernel.request" to listener "Symfony\Component\HttpKernel\EventListener\FragmentListener::onKernelRequest". [] []
[2013-09-12 18:23:35] event.DEBUG: Notified event "kernel.request" to listener "Symfony\Component\HttpKernel\EventListener\RouterListener::onKernelRequest". [] []
[2013-09-12 18:23:35] event.DEBUG: Notified event "kernel.exception" to listener "Symfony\Component\HttpKernel\EventListener\ExceptionListener::onKernelException". [] []
[2013-09-12 18:23:35] request.ERROR: Uncaught PHP Exception Symfony\Component\HttpKernel\Exception\NotFoundHttpException: "No route found for "GET /"" at C:\xampp\htdocs\Blogger\vendor\symfony\symfony\src\Symfony\Component\HttpKernel\EventListener\RouterListener.php line 116 {"exception":"[object] (Symfony\\Component\\HttpKernel\\Exception\\NotFoundHttpException: No route found for \"GET /\" at C:\\xampp\\htdocs\\Blogger\\vendor\\symfony\\symfony\\src\\Symfony\\Component\\HttpKernel\\EventListener\\RouterListener.php:116, Symfony\\Component\\Routing\\Exception\\ResourceNotFoundException:  at C:\\xampp\\htdocs\\Blogger\\app\\cache\\prod\\appProdUrlMatcher.php:33)"} []
[2013-09-12 18:23:35] event.DEBUG: Notified event "kernel.request" to listener "closure". [] []
[2013-09-12 18:23:35] event.DEBUG: Notified event "kernel.request" to listener "Symfony\Bundle\FrameworkBundle\EventListener\SessionListener::onKernelRequest". [] []
[2013-09-12 18:23:35] event.DEBUG: Notified event "kernel.request" to listener "closure". [] []
[2013-09-12 18:23:35] event.DEBUG: Notified event "kernel.request" to listener "Symfony\Component\HttpKernel\EventListener\FragmentListener::onKernelRequest". [] []
[2013-09-12 18:23:35] event.DEBUG: Notified event "kernel.request" to listener "closure". [] []
[2013-09-12 18:23:35] event.DEBUG: Notified event "kernel.request" to listener "Symfony\Component\HttpKernel\EventListener\RouterListener::onKernelRequest". [] []
[2013-09-12 18:23:35] event.DEBUG: Notified event "kernel.request" to listener "closure". [] []
[2013-09-12 18:23:35] event.DEBUG: Notified event "kernel.request" to listener "Symfony\Component\HttpKernel\EventListener\LocaleListener::onKernelRequest". [] []
[2013-09-12 18:23:35] event.DEBUG: Notified event "kernel.request" to listener "closure". [] []
[2013-09-12 18:23:35] event.DEBUG: Notified event "kernel.request" to listener "Symfony\Component\Security\Http\Firewall::onKernelRequest". [] []
[2013-09-12 18:23:35] event.DEBUG: Notified event "kernel.request" to listener "closure". [] []
[2013-09-12 18:23:35] event.DEBUG: Notified event "kernel.request" to listener "Symfony\Component\HttpKernel\EventListener\ErrorsLoggerListener::injectLogger". [] []
[2013-09-12 18:23:35] event.DEBUG: Notified event "kernel.request" to listener "closure". [] []
[2013-09-12 18:23:35] event.DEBUG: Notified event "kernel.request" to listener "Symfony\Component\HttpKernel\EventListener\ErrorsLoggerListener::injectLogger". [] []
[2013-09-12 18:23:35] event.DEBUG: Notified event "kernel.controller" to listener "Sensio\Bundle\FrameworkExtraBundle\EventListener\ControllerListener::onKernelController". [] []
[2013-09-12 18:23:35] event.DEBUG: Notified event "kernel.controller" to listener "Sensio\Bundle\FrameworkExtraBundle\EventListener\ParamConverterListener::onKernelController". [] []
[2013-09-12 18:23:35] event.DEBUG: Notified event "kernel.controller" to listener "Sensio\Bundle\FrameworkExtraBundle\EventListener\TemplateListener::onKernelController". [] []
[2013-09-12 18:23:36] event.DEBUG: Notified event "kernel.response" to listener "Symfony\Component\HttpKernel\EventListener\ResponseListener::onKernelResponse". [] []
[2013-09-12 18:23:36] event.DEBUG: Notified event "kernel.response" to listener "Symfony\Component\Security\Http\RememberMe\ResponseListener::onKernelResponse". [] []
[2013-09-12 18:23:36] event.DEBUG: Notified event "kernel.response" to listener "Sensio\Bundle\FrameworkExtraBundle\EventListener\CacheListener::onKernelResponse". [] []
[2013-09-12 18:23:36] event.DEBUG: Notified event "kernel.response" to listener "Symfony\Component\HttpKernel\EventListener\StreamedResponseListener::onKernelResponse". [] []
[2013-09-12 18:23:36] event.DEBUG: Listener "Symfony\Component\HttpKernel\EventListener\ExceptionListener::onKernelException" stopped propagation of the event "kernel.exception". [] []
[2013-09-12 18:23:36] event.DEBUG: Notified event "kernel.response" to listener "Symfony\Component\HttpKernel\EventListener\ResponseListener::onKernelResponse". [] []
[2013-09-12 18:23:36] event.DEBUG: Notified event "kernel.response" to listener "Symfony\Component\Security\Http\RememberMe\ResponseListener::onKernelResponse". [] []
[2013-09-12 18:23:36] event.DEBUG: Notified event "kernel.response" to listener "Sensio\Bundle\FrameworkExtraBundle\EventListener\CacheListener::onKernelResponse". [] []
[2013-09-12 18:23:36] event.DEBUG: Notified event "kernel.response" to listener "Symfony\Component\HttpKernel\EventListener\StreamedResponseListener::onKernelResponse". [] []
[2013-09-12 18:23:36] event.DEBUG: Notified event "kernel.terminate" to listener "Symfony\Bundle\SwiftmailerBundle\EventListener\EmailSenderListener::onKernelTerminate". [] []
[2013-09-12 18:23:38] event.DEBUG: Notified event "kernel.request" to listener "Symfony\Bundle\FrameworkBundle\EventListener\SessionListener::onKernelRequest". [] []
[2013-09-12 18:23:38] event.DEBUG: Notified event "kernel.request" to listener "Symfony\Component\HttpKernel\EventListener\FragmentListener::onKernelRequest". [] []
[2013-09-12 18:23:38] event.DEBUG: Notified event "kernel.request" to listener "Symfony\Component\HttpKernel\EventListener\RouterListener::onKernelRequest". [] []
[2013-09-12 18:23:38] event.DEBUG: Notified event "kernel.exception" to listener "Symfony\Component\HttpKernel\EventListener\ExceptionListener::onKernelException". [] []
[2013-09-12 18:23:38] request.ERROR: Uncaught PHP Exception Symfony\Component\HttpKernel\Exception\NotFoundHttpException: "No route found for "GET /"" at C:\xampp\htdocs\Blogger\app\cache\prod\classes.php line 1880 {"exception":"[object] (Symfony\\Component\\HttpKernel\\Exception\\NotFoundHttpException: No route found for \"GET /\" at C:\\xampp\\htdocs\\Blogger\\app\\cache\\prod\\classes.php:1880, Symfony\\Component\\Routing\\Exception\\ResourceNotFoundException:  at C:\\xampp\\htdocs\\Blogger\\app\\cache\\prod\\appProdUrlMatcher.php:33)"} []
[2013-09-12 18:23:38] event.DEBUG: Notified event "kernel.request" to listener "closure". [] []
[2013-09-12 18:23:38] event.DEBUG: Notified event "kernel.request" to listener "Symfony\Bundle\FrameworkBundle\EventListener\SessionListener::onKernelRequest". [] []
[2013-09-12 18:23:38] event.DEBUG: Notified event "kernel.request" to listener "closure". [] []
[2013-09-12 18:23:38] event.DEBUG: Notified event "kernel.request" to listener "Symfony\Component\HttpKernel\EventListener\FragmentListener::onKernelRequest". [] []
[2013-09-12 18:23:38] event.DEBUG: Notified event "kernel.request" to listener "closure". [] []
[2013-09-12 18:23:38] event.DEBUG: Notified event "kernel.request" to listener "Symfony\Component\HttpKernel\EventListener\RouterListener::onKernelRequest". [] []
[2013-09-12 18:23:38] event.DEBUG: Notified event "kernel.request" to listener "closure". [] []
[2013-09-12 18:23:38] event.DEBUG: Notified event "kernel.request" to listener "Symfony\Component\HttpKernel\EventListener\LocaleListener::onKernelRequest". [] []
[2013-09-12 18:23:38] event.DEBUG: Notified event "kernel.request" to listener "closure". [] []
[2013-09-12 18:23:38] event.DEBUG: Notified event "kernel.request" to listener "Symfony\Component\Security\Http\Firewall::onKernelRequest". [] []
[2013-09-12 18:23:38] event.DEBUG: Notified event "kernel.request" to listener "closure". [] []
[2013-09-12 18:23:38] event.DEBUG: Notified event "kernel.request" to listener "Symfony\Component\HttpKernel\EventListener\ErrorsLoggerListener::injectLogger". [] []
[2013-09-12 18:23:38] event.DEBUG: Notified event "kernel.request" to listener "closure". [] []
[2013-09-12 18:23:38] event.DEBUG: Notified event "kernel.request" to listener "Symfony\Component\HttpKernel\EventListener\ErrorsLoggerListener::injectLogger". [] []
[2013-09-12 18:23:38] event.DEBUG: Notified event "kernel.controller" to listener "Sensio\Bundle\FrameworkExtraBundle\EventListener\ControllerListener::onKernelController". [] []
[2013-09-12 18:23:38] event.DEBUG: Notified event "kernel.controller" to listener "Sensio\Bundle\FrameworkExtraBundle\EventListener\ParamConverterListener::onKernelController". [] []
[2013-09-12 18:23:38] event.DEBUG: Notified event "kernel.controller" to listener "Sensio\Bundle\FrameworkExtraBundle\EventListener\TemplateListener::onKernelController". [] []
[2013-09-12 18:23:39] event.DEBUG: Notified event "kernel.response" to listener "Symfony\Component\HttpKernel\EventListener\ResponseListener::onKernelResponse". [] []
[2013-09-12 18:23:39] event.DEBUG: Notified event "kernel.response" to listener "Symfony\Component\Security\Http\RememberMe\ResponseListener::onKernelResponse". [] []
[2013-09-12 18:23:39] event.DEBUG: Notified event "kernel.response" to listener "Sensio\Bundle\FrameworkExtraBundle\EventListener\CacheListener::onKernelResponse". [] []
[2013-09-12 18:23:39] event.DEBUG: Notified event "kernel.response" to listener "Symfony\Component\HttpKernel\EventListener\StreamedResponseListener::onKernelResponse". [] []
[2013-09-12 18:23:39] event.DEBUG: Listener "Symfony\Component\HttpKernel\EventListener\ExceptionListener::onKernelException" stopped propagation of the event "kernel.exception". [] []
[2013-09-12 18:23:39] event.DEBUG: Notified event "kernel.response" to listener "Symfony\Component\HttpKernel\EventListener\ResponseListener::onKernelResponse". [] []
[2013-09-12 18:23:39] event.DEBUG: Notified event "kernel.response" to listener "Symfony\Component\Security\Http\RememberMe\ResponseListener::onKernelResponse". [] []
[2013-09-12 18:23:39] event.DEBUG: Notified event "kernel.response" to listener "Sensio\Bundle\FrameworkExtraBundle\EventListener\CacheListener::onKernelResponse". [] []
[2013-09-12 18:23:39] event.DEBUG: Notified event "kernel.response" to listener "Symfony\Component\HttpKernel\EventListener\StreamedResponseListener::onKernelResponse". [] []
[2013-09-12 18:23:39] event.DEBUG: Notified event "kernel.terminate" to listener "Symfony\Bundle\SwiftmailerBundle\EventListener\EmailSenderListener::onKernelTerminate". [] []
[2013-09-12 18:23:49] event.DEBUG: Notified event "kernel.request" to listener "Symfony\Bundle\FrameworkBundle\EventListener\SessionListener::onKernelRequest". [] []
[2013-09-12 18:23:49] event.DEBUG: Notified event "kernel.request" to listener "Symfony\Component\HttpKernel\EventListener\FragmentListener::onKernelRequest". [] []
[2013-09-12 18:23:49] event.DEBUG: Notified event "kernel.request" to listener "Symfony\Component\HttpKernel\EventListener\RouterListener::onKernelRequest". [] []
[2013-09-12 18:23:49] event.DEBUG: Notified event "kernel.exception" to listener "Symfony\Component\HttpKernel\EventListener\ExceptionListener::onKernelException". [] []
[2013-09-12 18:23:49] request.ERROR: Uncaught PHP Exception Symfony\Component\HttpKernel\Exception\NotFoundHttpException: "No route found for "GET /"" at C:\xampp\htdocs\Blogger\app\cache\prod\classes.php line 1880 {"exception":"[object] (Symfony\\Component\\HttpKernel\\Exception\\NotFoundHttpException: No route found for \"GET /\" at C:\\xampp\\htdocs\\Blogger\\app\\cache\\prod\\classes.php:1880, Symfony\\Component\\Routing\\Exception\\ResourceNotFoundException:  at C:\\xampp\\htdocs\\Blogger\\app\\cache\\prod\\appProdUrlMatcher.php:33)"} []
[2013-09-12 18:23:49] event.DEBUG: Notified event "kernel.request" to listener "closure". [] []
[2013-09-12 18:23:49] event.DEBUG: Notified event "kernel.request" to listener "Symfony\Bundle\FrameworkBundle\EventListener\SessionListener::onKernelRequest". [] []
[2013-09-12 18:23:49] event.DEBUG: Notified event "kernel.request" to listener "closure". [] []
[2013-09-12 18:23:49] event.DEBUG: Notified event "kernel.request" to listener "Symfony\Component\HttpKernel\EventListener\FragmentListener::onKernelRequest". [] []
[2013-09-12 18:23:49] event.DEBUG: Notified event "kernel.request" to listener "closure". [] []
[2013-09-12 18:23:49] event.DEBUG: Notified event "kernel.request" to listener "Symfony\Component\HttpKernel\EventListener\RouterListener::onKernelRequest". [] []
[2013-09-12 18:23:49] event.DEBUG: Notified event "kernel.request" to listener "closure". [] []
[2013-09-12 18:23:49] event.DEBUG: Notified event "kernel.request" to listener "Symfony\Component\HttpKernel\EventListener\LocaleListener::onKernelRequest". [] []
[2013-09-12 18:23:49] event.DEBUG: Notified event "kernel.request" to listener "closure". [] []
[2013-09-12 18:23:49] event.DEBUG: Notified event "kernel.request" to listener "Symfony\Component\Security\Http\Firewall::onKernelRequest". [] []
[2013-09-12 18:23:49] event.DEBUG: Notified event "kernel.request" to listener "closure". [] []
[2013-09-12 18:23:49] event.DEBUG: Notified event "kernel.request" to listener "Symfony\Component\HttpKernel\EventListener\ErrorsLoggerListener::injectLogger". [] []
[2013-09-12 18:23:49] event.DEBUG: Notified event "kernel.request" to listener "closure". [] []
[2013-09-12 18:23:49] event.DEBUG: Notified event "kernel.request" to listener "Symfony\Component\HttpKernel\EventListener\ErrorsLoggerListener::injectLogger". [] []
[2013-09-12 18:23:49] event.DEBUG: Notified event "kernel.controller" to listener "Sensio\Bundle\FrameworkExtraBundle\EventListener\ControllerListener::onKernelController". [] []
[2013-09-12 18:23:49] event.DEBUG: Notified event "kernel.controller" to listener "Sensio\Bundle\FrameworkExtraBundle\EventListener\ParamConverterListener::onKernelController". [] []
[2013-09-12 18:23:49] event.DEBUG: Notified event "kernel.controller" to listener "Sensio\Bundle\FrameworkExtraBundle\EventListener\TemplateListener::onKernelController". [] []
[2013-09-12 18:23:49] event.DEBUG: Notified event "kernel.response" to listener "Symfony\Component\HttpKernel\EventListener\ResponseListener::onKernelResponse". [] []
[2013-09-12 18:23:49] event.DEBUG: Notified event "kernel.response" to listener "Symfony\Component\Security\Http\RememberMe\ResponseListener::onKernelResponse". [] []
[2013-09-12 18:23:49] event.DEBUG: Notified event "kernel.response" to listener "Sensio\Bundle\FrameworkExtraBundle\EventListener\CacheListener::onKernelResponse". [] []
[2013-09-12 18:23:49] event.DEBUG: Notified event "kernel.response" to listener "Symfony\Component\HttpKernel\EventListener\StreamedResponseListener::onKernelResponse". [] []
[2013-09-12 18:23:49] event.DEBUG: Listener "Symfony\Component\HttpKernel\EventListener\ExceptionListener::onKernelException" stopped propagation of the event "kernel.exception". [] []
[2013-09-12 18:23:49] event.DEBUG: Notified event "kernel.response" to listener "Symfony\Component\HttpKernel\EventListener\ResponseListener::onKernelResponse". [] []
[2013-09-12 18:23:49] event.DEBUG: Notified event "kernel.response" to listener "Symfony\Component\Security\Http\RememberMe\ResponseListener::onKernelResponse". [] []
[2013-09-12 18:23:49] event.DEBUG: Notified event "kernel.response" to listener "Sensio\Bundle\FrameworkExtraBundle\EventListener\CacheListener::onKernelResponse". [] []
[2013-09-12 18:23:49] event.DEBUG: Notified event "kernel.response" to listener "Symfony\Component\HttpKernel\EventListener\StreamedResponseListener::onKernelResponse". [] []
[2013-09-12 18:23:49] event.DEBUG: Notified event "kernel.terminate" to listener "Symfony\Bundle\SwiftmailerBundle\EventListener\EmailSenderListener::onKernelTerminate". [] []
[2013-09-12 18:25:22] event.DEBUG: Notified event "kernel.request" to listener "Symfony\Bundle\FrameworkBundle\EventListener\SessionListener::onKernelRequest". [] []
[2013-09-12 18:25:22] event.DEBUG: Notified event "kernel.request" to listener "Symfony\Component\HttpKernel\EventListener\FragmentListener::onKernelRequest". [] []
[2013-09-12 18:25:22] event.DEBUG: Notified event "kernel.request" to listener "Symfony\Component\HttpKernel\EventListener\RouterListener::onKernelRequest". [] []
[2013-09-12 18:25:22] event.DEBUG: Notified event "kernel.exception" to listener "Symfony\Component\HttpKernel\EventListener\ExceptionListener::onKernelException". [] []
[2013-09-12 18:25:22] request.ERROR: Uncaught PHP Exception Symfony\Component\HttpKernel\Exception\NotFoundHttpException: "No route found for "GET /bundles/framework/images/input_bg.gif"" at C:\xampp\htdocs\Blogger\vendor\symfony\symfony\src\Symfony\Component\HttpKernel\EventListener\RouterListener.php line 116 {"exception":"[object] (Symfony\\Component\\HttpKernel\\Exception\\NotFoundHttpException: No route found for \"GET /bundles/framework/images/input_bg.gif\" at C:\\xampp\\htdocs\\Blogger\\vendor\\symfony\\symfony\\src\\Symfony\\Component\\HttpKernel\\EventListener\\RouterListener.php:116, Symfony\\Component\\Routing\\Exception\\ResourceNotFoundException:  at C:\\xampp\\htdocs\\Blogger\\app\\cache\\prod\\appProdUrlMatcher.php:33)"} []
[2013-09-12 18:25:22] event.DEBUG: Notified event "kernel.request" to listener "closure". [] []
[2013-09-12 18:25:22] event.DEBUG: Notified event "kernel.request" to listener "Symfony\Bundle\FrameworkBundle\EventListener\SessionListener::onKernelRequest". [] []
[2013-09-12 18:25:22] event.DEBUG: Notified event "kernel.request" to listener "closure". [] []
[2013-09-12 18:25:22] event.DEBUG: Notified event "kernel.request" to listener "Symfony\Component\HttpKernel\EventListener\FragmentListener::onKernelRequest". [] []
[2013-09-12 18:25:22] event.DEBUG: Notified event "kernel.request" to listener "closure". [] []
[2013-09-12 18:25:22] event.DEBUG: Notified event "kernel.request" to listener "Symfony\Component\HttpKernel\EventListener\RouterListener::onKernelRequest". [] []
[2013-09-12 18:25:22] event.DEBUG: Notified event "kernel.request" to listener "closure". [] []
[2013-09-12 18:25:22] event.DEBUG: Notified event "kernel.request" to listener "Symfony\Component\HttpKernel\EventListener\LocaleListener::onKernelRequest". [] []
[2013-09-12 18:25:22] event.DEBUG: Notified event "kernel.request" to listener "closure". [] []
[2013-09-12 18:25:22] event.DEBUG: Notified event "kernel.request" to listener "Symfony\Component\Security\Http\Firewall::onKernelRequest". [] []
[2013-09-12 18:25:22] event.DEBUG: Notified event "kernel.request" to listener "closure". [] []
[2013-09-12 18:25:22] event.DEBUG: Notified event "kernel.request" to listener "Symfony\Component\HttpKernel\EventListener\ErrorsLoggerListener::injectLogger". [] []
[2013-09-12 18:25:22] event.DEBUG: Notified event "kernel.request" to listener "closure". [] []
[2013-09-12 18:25:22] event.DEBUG: Notified event "kernel.request" to listener "Symfony\Component\HttpKernel\EventListener\ErrorsLoggerListener::injectLogger". [] []
[2013-09-12 18:25:23] event.DEBUG: Notified event "kernel.controller" to listener "Sensio\Bundle\FrameworkExtraBundle\EventListener\ControllerListener::onKernelController". [] []
[2013-09-12 18:25:23] event.DEBUG: Notified event "kernel.controller" to listener "Sensio\Bundle\FrameworkExtraBundle\EventListener\ParamConverterListener::onKernelController". [] []
[2013-09-12 18:25:23] event.DEBUG: Notified event "kernel.controller" to listener "Sensio\Bundle\FrameworkExtraBundle\EventListener\TemplateListener::onKernelController". [] []
[2013-09-12 18:25:23] event.DEBUG: Notified event "kernel.response" to listener "Symfony\Component\HttpKernel\EventListener\ResponseListener::onKernelResponse". [] []
[2013-09-12 18:25:23] event.DEBUG: Notified event "kernel.response" to listener "Symfony\Component\Security\Http\RememberMe\ResponseListener::onKernelResponse". [] []
[2013-09-12 18:25:23] event.DEBUG: Notified event "kernel.response" to listener "Sensio\Bundle\FrameworkExtraBundle\EventListener\CacheListener::onKernelResponse". [] []
[2013-09-12 18:25:23] event.DEBUG: Notified event "kernel.response" to listener "Symfony\Component\HttpKernel\EventListener\StreamedResponseListener::onKernelResponse". [] []
[2013-09-12 18:25:23] event.DEBUG: Listener "Symfony\Component\HttpKernel\EventListener\ExceptionListener::onKernelException" stopped propagation of the event "kernel.exception". [] []
[2013-09-12 18:25:23] event.DEBUG: Notified event "kernel.response" to listener "Symfony\Component\HttpKernel\EventListener\ResponseListener::onKernelResponse". [] []
[2013-09-12 18:25:23] event.DEBUG: Notified event "kernel.response" to listener "Symfony\Component\Security\Http\RememberMe\ResponseListener::onKernelResponse". [] []
[2013-09-12 18:25:23] event.DEBUG: Notified event "kernel.response" to listener "Sensio\Bundle\FrameworkExtraBundle\EventListener\CacheListener::onKernelResponse". [] []
[2013-09-12 18:25:23] event.DEBUG: Notified event "kernel.response" to listener "Symfony\Component\HttpKernel\EventListener\StreamedResponseListener::onKernelResponse". [] []
[2013-09-12 18:25:23] event.DEBUG: Notified event "kernel.terminate" to listener "Symfony\Bundle\SwiftmailerBundle\EventListener\EmailSenderListener::onKernelTerminate". [] []
[2013-09-16 22:57:31] request.ERROR: Uncaught PHP Exception Symfony\Component\HttpKernel\Exception\NotFoundHttpException: "No route found for "GET /"" at C:\xampp\htdocs\Blogger\app\cache\prod\classes.php line 1880 {"exception":"[object] (Symfony\\Component\\HttpKernel\\Exception\\NotFoundHttpException: No route found for \"GET /\" at C:\\xampp\\htdocs\\Blogger\\app\\cache\\prod\\classes.php:1880, Symfony\\Component\\Routing\\Exception\\ResourceNotFoundException:  at C:\\xampp\\htdocs\\Blogger\\app\\cache\\prod\\appProdUrlMatcher.php:33)"} []
[2013-09-17 15:39:56] request.INFO: Matched route "BloggerBlogBundle_homepage" (parameters: "_controller": "Blogger\BlogBundle\Controller\PageController::indexAction", "_route": "BloggerBlogBundle_homepage") [] []
[2013-09-17 15:39:57] request.CRITICAL: Uncaught PHP Exception Twig_Error_Syntax: "The block 'blog_tagline' has already been defined line 35 in "::base.html.twig" at line 36" at C:\xampp\htdocs\Blogger\vendor\twig\twig\lib\Twig\TokenParser\Block.php line 38 {"exception":"[object] (Twig_Error_Syntax: The block 'blog_tagline' has already been defined line 35 in \"::base.html.twig\" at line 36 at C:\\xampp\\htdocs\\Blogger\\vendor\\twig\\twig\\lib\\Twig\\TokenParser\\Block.php:38)"} []
[2013-09-17 15:41:03] request.INFO: Matched route "BloggerBlogBundle_homepage" (parameters: "_controller": "Blogger\BlogBundle\Controller\PageController::indexAction", "_route": "BloggerBlogBundle_homepage") [] []
[2013-09-17 15:41:03] request.CRITICAL: Uncaught PHP Exception Twig_Error_Syntax: "The block 'blog_tagline' has already been defined line 35 in "::base.html.twig" at line 36" at C:\xampp\htdocs\Blogger\vendor\twig\twig\lib\Twig\TokenParser\Block.php line 38 {"exception":"[object] (Twig_Error_Syntax: The block 'blog_tagline' has already been defined line 35 in \"::base.html.twig\" at line 36 at C:\\xampp\\htdocs\\Blogger\\vendor\\twig\\twig\\lib\\Twig\\TokenParser\\Block.php:38)"} []
[2013-09-17 16:39:28] request.INFO: Matched route "BloggerBlogBundle_homepage" (parameters: "_controller": "Blogger\BlogBundle\Controller\PageController::indexAction", "_route": "BloggerBlogBundle_homepage") [] []
[2013-09-17 16:39:29] request.CRITICAL: Uncaught PHP Exception Twig_Error_Runtime: "An exception has been thrown during the rendering of a template ("Unable to generate a URL for the named route "BloggerBlogBundle_about" as such route does not exist.") in "BloggerBlogBundle:Page:index.html.twig"." at C:\xampp\htdocs\Blogger\vendor\twig\twig\lib\Twig\Template.php line 279 {"exception":"[object] (Twig_Error_Runtime: An exception has been thrown during the rendering of a template (\"Unable to generate a URL for the named route \"BloggerBlogBundle_about\" as such route does not exist.\") in \"BloggerBlogBundle:Page:index.html.twig\". at C:\\xampp\\htdocs\\Blogger\\vendor\\twig\\twig\\lib\\Twig\\Template.php:279, Symfony\\Component\\Routing\\Exception\\RouteNotFoundException: Unable to generate a URL for the named route \"BloggerBlogBundle_about\" as such route does not exist. at C:\\xampp\\htdocs\\Blogger\\app\\cache\\prod\\appProdUrlGenerator.php:33)"} []
[2013-09-17 16:39:33] request.INFO: Matched route "BloggerBlogBundle_homepage" (parameters: "_controller": "Blogger\BlogBundle\Controller\PageController::indexAction", "_route": "BloggerBlogBundle_homepage") [] []
[2013-09-17 16:39:33] request.CRITICAL: Uncaught PHP Exception Twig_Error_Runtime: "An exception has been thrown during the rendering of a template ("Unable to generate a URL for the named route "BloggerBlogBundle_about" as such route does not exist.") in "BloggerBlogBundle:Page:index.html.twig"." at C:\xampp\htdocs\Blogger\vendor\twig\twig\lib\Twig\Template.php line 279 {"exception":"[object] (Twig_Error_Runtime: An exception has been thrown during the rendering of a template (\"Unable to generate a URL for the named route \"BloggerBlogBundle_about\" as such route does not exist.\") in \"BloggerBlogBundle:Page:index.html.twig\". at C:\\xampp\\htdocs\\Blogger\\vendor\\twig\\twig\\lib\\Twig\\Template.php:279, Symfony\\Component\\Routing\\Exception\\RouteNotFoundException: Unable to generate a URL for the named route \"BloggerBlogBundle_about\" as such route does not exist. at C:\\xampp\\htdocs\\Blogger\\app\\cache\\prod\\appProdUrlGenerator.php:33)"} []
[2013-09-17 16:39:42] request.INFO: Matched route "BloggerBlogBundle_homepage" (parameters: "_controller": "Blogger\BlogBundle\Controller\PageController::indexAction", "_route": "BloggerBlogBundle_homepage") [] []
[2013-09-17 16:39:42] request.CRITICAL: Uncaught PHP Exception Twig_Error_Runtime: "An exception has been thrown during the rendering of a template ("Unable to generate a URL for the named route "BloggerBlogBundle_about" as such route does not exist.") in "BloggerBlogBundle:Page:index.html.twig"." at C:\xampp\htdocs\Blogger\app\cache\prod\classes.php line 4364 {"exception":"[object] (Twig_Error_Runtime: An exception has been thrown during the rendering of a template (\"Unable to generate a URL for the named route \"BloggerBlogBundle_about\" as such route does not exist.\") in \"BloggerBlogBundle:Page:index.html.twig\". at C:\\xampp\\htdocs\\Blogger\\app\\cache\\prod\\classes.php:4364, Symfony\\Component\\Routing\\Exception\\RouteNotFoundException: Unable to generate a URL for the named route \"BloggerBlogBundle_about\" as such route does not exist. at C:\\xampp\\htdocs\\Blogger\\app\\cache\\prod\\appProdUrlGenerator.php:33)"} []
[2013-09-17 16:39:43] request.INFO: Matched route "BloggerBlogBundle_homepage" (parameters: "_controller": "Blogger\BlogBundle\Controller\PageController::indexAction", "_route": "BloggerBlogBundle_homepage") [] []
[2013-09-17 16:39:44] request.CRITICAL: Uncaught PHP Exception Twig_Error_Runtime: "An exception has been thrown during the rendering of a template ("Unable to generate a URL for the named route "BloggerBlogBundle_about" as such route does not exist.") in "BloggerBlogBundle:Page:index.html.twig"." at C:\xampp\htdocs\Blogger\app\cache\prod\classes.php line 4364 {"exception":"[object] (Twig_Error_Runtime: An exception has been thrown during the rendering of a template (\"Unable to generate a URL for the named route \"BloggerBlogBundle_about\" as such route does not exist.\") in \"BloggerBlogBundle:Page:index.html.twig\". at C:\\xampp\\htdocs\\Blogger\\app\\cache\\prod\\classes.php:4364, Symfony\\Component\\Routing\\Exception\\RouteNotFoundException: Unable to generate a URL for the named route \"BloggerBlogBundle_about\" as such route does not exist. at C:\\xampp\\htdocs\\Blogger\\app\\cache\\prod\\appProdUrlGenerator.php:33)"} []
[2013-09-17 16:39:44] request.INFO: Matched route "BloggerBlogBundle_homepage" (parameters: "_controller": "Blogger\BlogBundle\Controller\PageController::indexAction", "_route": "BloggerBlogBundle_homepage") [] []
[2013-09-17 16:39:44] request.CRITICAL: Uncaught PHP Exception Twig_Error_Runtime: "An exception has been thrown during the rendering of a template ("Unable to generate a URL for the named route "BloggerBlogBundle_about" as such route does not exist.") in "BloggerBlogBundle:Page:index.html.twig"." at C:\xampp\htdocs\Blogger\app\cache\prod\classes.php line 4364 {"exception":"[object] (Twig_Error_Runtime: An exception has been thrown during the rendering of a template (\"Unable to generate a URL for the named route \"BloggerBlogBundle_about\" as such route does not exist.\") in \"BloggerBlogBundle:Page:index.html.twig\". at C:\\xampp\\htdocs\\Blogger\\app\\cache\\prod\\classes.php:4364, Symfony\\Component\\Routing\\Exception\\RouteNotFoundException: Unable to generate a URL for the named route \"BloggerBlogBundle_about\" as such route does not exist. at C:\\xampp\\htdocs\\Blogger\\app\\cache\\prod\\appProdUrlGenerator.php:33)"} []
[2013-09-17 22:19:33] request.ERROR: Uncaught PHP Exception Symfony\Component\HttpKernel\Exception\NotFoundHttpException: "No route found for "GET /bundles/bloggerblog/css/blog.css"" at C:\xampp\htdocs\Blogger\vendor\symfony\symfony\src\Symfony\Component\HttpKernel\EventListener\RouterListener.php line 116 {"exception":"[object] (Symfony\\Component\\HttpKernel\\Exception\\NotFoundHttpException: No route found for \"GET /bundles/bloggerblog/css/blog.css\" at C:\\xampp\\htdocs\\Blogger\\vendor\\symfony\\symfony\\src\\Symfony\\Component\\HttpKernel\\EventListener\\RouterListener.php:116, Symfony\\Component\\Routing\\Exception\\ResourceNotFoundException:  at C:\\xampp\\htdocs\\Blogger\\app\\cache\\prod\\appProdUrlMatcher.php:70)"} []
[2013-09-17 22:19:46] request.ERROR: Uncaught PHP Exception Symfony\Component\HttpKernel\Exception\NotFoundHttpException: "No route found for "GET /bundles/bloggerblog/css/blog.css"" at C:\xampp\htdocs\Blogger\vendor\symfony\symfony\src\Symfony\Component\HttpKernel\EventListener\RouterListener.php line 116 {"exception":"[object] (Symfony\\Component\\HttpKernel\\Exception\\NotFoundHttpException: No route found for \"GET /bundles/bloggerblog/css/blog.css\" at C:\\xampp\\htdocs\\Blogger\\vendor\\symfony\\symfony\\src\\Symfony\\Component\\HttpKernel\\EventListener\\RouterListener.php:116, Symfony\\Component\\Routing\\Exception\\ResourceNotFoundException:  at C:\\xampp\\htdocs\\Blogger\\app\\cache\\prod\\appProdUrlMatcher.php:70)"} []
[2013-09-18 22:44:20] request.ERROR: Uncaught PHP Exception Symfony\Component\HttpKernel\Exception\NotFoundHttpException: "No route found for "GET /images/the_grid.jpg"" at C:\xampp\htdocs\Blogger\app\cache\prod\classes.php line 1880 {"exception":"[object] (Symfony\\Component\\HttpKernel\\Exception\\NotFoundHttpException: No route found for \"GET /images/the_grid.jpg\" at C:\\xampp\\htdocs\\Blogger\\app\\cache\\prod\\classes.php:1880, Symfony\\Component\\Routing\\Exception\\ResourceNotFoundException:  at C:\\xampp\\htdocs\\Blogger\\app\\cache\\prod\\appProdUrlMatcher.php:70)"} []
[2013-09-18 22:44:41] request.ERROR: Uncaught PHP Exception Symfony\Component\HttpKernel\Exception\NotFoundHttpException: "No route found for "GET /images/the_grid.jpg"" at C:\xampp\htdocs\Blogger\app\cache\prod\classes.php line 1880 {"exception":"[object] (Symfony\\Component\\HttpKernel\\Exception\\NotFoundHttpException: No route found for \"GET /images/the_grid.jpg\" at C:\\xampp\\htdocs\\Blogger\\app\\cache\\prod\\classes.php:1880, Symfony\\Component\\Routing\\Exception\\ResourceNotFoundException:  at C:\\xampp\\htdocs\\Blogger\\app\\cache\\prod\\appProdUrlMatcher.php:70)"} []
[2013-09-18 22:48:10] request.ERROR: Uncaught PHP Exception Symfony\Component\HttpKernel\Exception\NotFoundHttpException: "No route found for "GET /images/beach.jpg"" at C:\xampp\htdocs\Blogger\app\cache\prod\classes.php line 1880 {"exception":"[object] (Symfony\\Component\\HttpKernel\\Exception\\NotFoundHttpException: No route found for \"GET /images/beach.jpg\" at C:\\xampp\\htdocs\\Blogger\\app\\cache\\prod\\classes.php:1880, Symfony\\Component\\Routing\\Exception\\ResourceNotFoundException:  at C:\\xampp\\htdocs\\Blogger\\app\\cache\\prod\\appProdUrlMatcher.php:70)"} []
[2013-09-18 22:49:43] request.ERROR: Uncaught PHP Exception Symfony\Component\HttpKernel\Exception\NotFoundHttpException: "No route found for "GET /images/beach.jpg"" at C:\xampp\htdocs\Blogger\app\cache\prod\classes.php line 1880 {"exception":"[object] (Symfony\\Component\\HttpKernel\\Exception\\NotFoundHttpException: No route found for \"GET /images/beach.jpg\" at C:\\xampp\\htdocs\\Blogger\\app\\cache\\prod\\classes.php:1880, Symfony\\Component\\Routing\\Exception\\ResourceNotFoundException:  at C:\\xampp\\htdocs\\Blogger\\app\\cache\\prod\\appProdUrlMatcher.php:70)"} []
[2013-09-18 22:49:45] request.ERROR: Uncaught PHP Exception Symfony\Component\HttpKernel\Exception\NotFoundHttpException: "No route found for "GET /images/beach.jpg"" at C:\xampp\htdocs\Blogger\app\cache\prod\classes.php line 1880 {"exception":"[object] (Symfony\\Component\\HttpKernel\\Exception\\NotFoundHttpException: No route found for \"GET /images/beach.jpg\" at C:\\xampp\\htdocs\\Blogger\\app\\cache\\prod\\classes.php:1880, Symfony\\Component\\Routing\\Exception\\ResourceNotFoundException:  at C:\\xampp\\htdocs\\Blogger\\app\\cache\\prod\\appProdUrlMatcher.php:70)"} []
[2013-09-19 00:55:42] request.ERROR: Uncaught PHP Exception Symfony\Component\HttpKernel\Exception\NotFoundHttpException: "No route found for "GET /bundles/framework/images/input_bg.gif"" at C:\xampp\htdocs\Blogger\app\cache\prod\classes.php line 1880 {"exception":"[object] (Symfony\\Component\\HttpKernel\\Exception\\NotFoundHttpException: No route found for \"GET /bundles/framework/images/input_bg.gif\" at C:\\xampp\\htdocs\\Blogger\\app\\cache\\prod\\classes.php:1880, Symfony\\Component\\Routing\\Exception\\ResourceNotFoundException:  at C:\\xampp\\htdocs\\Blogger\\app\\cache\\prod\\appProdUrlMatcher.php:70)"} []
[2013-09-20 22:13:14] request.INFO: Matched route "BloggerBlogBundle_homepage" (parameters: "_controller": "Blogger\BlogBundle\Controller\PageController::indexAction", "_route": "BloggerBlogBundle_homepage") [] []
[2013-09-20 22:13:14] request.CRITICAL: Uncaught PHP Exception BadMethodCallException: "Undefined method 'getLatestBlogs'. The method name must start with either findBy or findOneBy!" at C:\xampp\htdocs\Blogger\vendor\doctrine\orm\lib\Doctrine\ORM\EntityRepository.php line 196 {"exception":"[object] (BadMethodCallException: Undefined method 'getLatestBlogs'. The method name must start with either findBy or findOneBy! at C:\\xampp\\htdocs\\Blogger\\vendor\\doctrine\\orm\\lib\\Doctrine\\ORM\\EntityRepository.php:196)"} []
[2013-09-23 17:10:09] request.ERROR: Uncaught PHP Exception Symfony\Component\HttpKernel\Exception\NotFoundHttpException: "No route found for "GET /php_dev.php"" at C:\xampp\htdocs\Blogger\app\cache\prod\classes.php line 1880 {"exception":"[object] (Symfony\\Component\\HttpKernel\\Exception\\NotFoundHttpException: No route found for \"GET /php_dev.php\" at C:\\xampp\\htdocs\\Blogger\\app\\cache\\prod\\classes.php:1880, Symfony\\Component\\Routing\\Exception\\ResourceNotFoundException:  at C:\\xampp\\htdocs\\Blogger\\app\\cache\\prod\\appProdUrlMatcher.php:92)"} []
[2013-09-23 17:10:20] request.ERROR: Uncaught PHP Exception Symfony\Component\HttpKernel\Exception\NotFoundHttpException: "No route found for "GET /php.php"" at C:\xampp\htdocs\Blogger\app\cache\prod\classes.php line 1880 {"exception":"[object] (Symfony\\Component\\HttpKernel\\Exception\\NotFoundHttpException: No route found for \"GET /php.php\" at C:\\xampp\\htdocs\\Blogger\\app\\cache\\prod\\classes.php:1880, Symfony\\Component\\Routing\\Exception\\ResourceNotFoundException:  at C:\\xampp\\htdocs\\Blogger\\app\\cache\\prod\\appProdUrlMatcher.php:92)"} []
[2013-09-23 17:10:25] request.ERROR: Uncaught PHP Exception Symfony\Component\HttpKernel\Exception\NotFoundHttpException: "No route found for "GET /php_dev.php"" at C:\xampp\htdocs\Blogger\app\cache\prod\classes.php line 1880 {"exception":"[object] (Symfony\\Component\\HttpKernel\\Exception\\NotFoundHttpException: No route found for \"GET /php_dev.php\" at C:\\xampp\\htdocs\\Blogger\\app\\cache\\prod\\classes.php:1880, Symfony\\Component\\Routing\\Exception\\ResourceNotFoundException:  at C:\\xampp\\htdocs\\Blogger\\app\\cache\\prod\\appProdUrlMatcher.php:92)"} []
[2013-09-23 17:11:45] request.ERROR: Uncaught PHP Exception Symfony\Component\HttpKernel\Exception\NotFoundHttpException: "No route found for "GET /php_dev.php"" at C:\xampp\htdocs\Blogger\app\cache\prod\classes.php line 1880 {"exception":"[object] (Symfony\\Component\\HttpKernel\\Exception\\NotFoundHttpException: No route found for \"GET /php_dev.php\" at C:\\xampp\\htdocs\\Blogger\\app\\cache\\prod\\classes.php:1880, Symfony\\Component\\Routing\\Exception\\ResourceNotFoundException:  at C:\\xampp\\htdocs\\Blogger\\app\\cache\\prod\\appProdUrlMatcher.php:92)"} []
[2013-09-23 17:11:49] request.ERROR: Uncaught PHP Exception Symfony\Component\HttpKernel\Exception\NotFoundHttpException: "No route found for "GET /php_dev.php"" at C:\xampp\htdocs\Blogger\app\cache\prod\classes.php line 1880 {"exception":"[object] (Symfony\\Component\\HttpKernel\\Exception\\NotFoundHttpException: No route found for \"GET /php_dev.php\" at C:\\xampp\\htdocs\\Blogger\\app\\cache\\prod\\classes.php:1880, Symfony\\Component\\Routing\\Exception\\ResourceNotFoundException:  at C:\\xampp\\htdocs\\Blogger\\app\\cache\\prod\\appProdUrlMatcher.php:92)"} []
[2013-09-23 17:11:49] request.ERROR: Uncaught PHP Exception Symfony\Component\HttpKernel\Exception\NotFoundHttpException: "No route found for "GET /php_dev.php"" at C:\xampp\htdocs\Blogger\app\cache\prod\classes.php line 1880 {"exception":"[object] (Symfony\\Component\\HttpKernel\\Exception\\NotFoundHttpException: No route found for \"GET /php_dev.php\" at C:\\xampp\\htdocs\\Blogger\\app\\cache\\prod\\classes.php:1880, Symfony\\Component\\Routing\\Exception\\ResourceNotFoundException:  at C:\\xampp\\htdocs\\Blogger\\app\\cache\\prod\\appProdUrlMatcher.php:92)"} []
[2013-09-23 17:11:49] request.ERROR: Uncaught PHP Exception Symfony\Component\HttpKernel\Exception\NotFoundHttpException: "No route found for "GET /php_dev.php"" at C:\xampp\htdocs\Blogger\app\cache\prod\classes.php line 1880 {"exception":"[object] (Symfony\\Component\\HttpKernel\\Exception\\NotFoundHttpException: No route found for \"GET /php_dev.php\" at C:\\xampp\\htdocs\\Blogger\\app\\cache\\prod\\classes.php:1880, Symfony\\Component\\Routing\\Exception\\ResourceNotFoundException:  at C:\\xampp\\htdocs\\Blogger\\app\\cache\\prod\\appProdUrlMatcher.php:92)"} []
[2013-09-23 17:11:49] request.ERROR: Uncaught PHP Exception Symfony\Component\HttpKernel\Exception\NotFoundHttpException: "No route found for "GET /php_dev.php"" at C:\xampp\htdocs\Blogger\app\cache\prod\classes.php line 1880 {"exception":"[object] (Symfony\\Component\\HttpKernel\\Exception\\NotFoundHttpException: No route found for \"GET /php_dev.php\" at C:\\xampp\\htdocs\\Blogger\\app\\cache\\prod\\classes.php:1880, Symfony\\Component\\Routing\\Exception\\ResourceNotFoundException:  at C:\\xampp\\htdocs\\Blogger\\app\\cache\\prod\\appProdUrlMatcher.php:92)"} []
[2013-09-23 17:11:50] request.ERROR: Uncaught PHP Exception Symfony\Component\HttpKernel\Exception\NotFoundHttpException: "No route found for "GET /php_dev.php"" at C:\xampp\htdocs\Blogger\app\cache\prod\classes.php line 1880 {"exception":"[object] (Symfony\\Component\\HttpKernel\\Exception\\NotFoundHttpException: No route found for \"GET /php_dev.php\" at C:\\xampp\\htdocs\\Blogger\\app\\cache\\prod\\classes.php:1880, Symfony\\Component\\Routing\\Exception\\ResourceNotFoundException:  at C:\\xampp\\htdocs\\Blogger\\app\\cache\\prod\\appProdUrlMatcher.php:92)"} []
